<?xml version="1.0" encoding="utf-8"?>
<TestRun id="0b81dc80-c4c6-4e6a-830b-64ccabc1872f" name="sreekanth.simhadri@OTSI-LAP-500 2026-03-27 02:59:54" runUser="OTSI\sreekanth.simhadri" xmlns="http://microsoft.com/schemas/VisualStudio/TeamTest/2010">
  <Times creation="2026-03-27T02:59:54.9828403+05:30" queuing="2026-03-27T02:59:54.9828407+05:30" start="2026-03-27T02:59:51.3408040+05:30" finish="2026-03-27T03:00:01.0881345+05:30" />
  <TestSettings name="default" id="190307c7-d80a-49ce-94b5-bcca7ea0df0c">
    <Deployment runDeploymentRoot="sreekanth.simhadri_OTSI-LAP-500_2026-03-27_02_59_54" />
  </TestSettings>
  <Results>
    <UnitTestResult executionId="3592f047-18f7-47bf-ae06-5b359cfb0ce2" testId="4ca2cdae-5aae-b2d4-a57d-5820d5dc340a" testName="VerifyNavigationMenu" computerName="OTSI-LAP-500" duration="00:00:01.9294220" startTime="2026-03-27T02:59:56.3723836+05:30" endTime="2026-03-27T02:59:58.3018061+05:30" testType="13cdc9d9-ddb5-4fa4-a97d-d965ccfc6d4b" outcome="Failed" testListId="8c84fa94-04c1-424b-9868-57a2d4851a1d" relativeResultsDirectory="3592f047-18f7-47bf-ae06-5b359cfb0ce2">
      <Output>
        <ErrorInfo>
          <Message>Microsoft.Playwright.PlaywrightException : Executable doesn't exist at C:\Users\sreekanth.simhadri\AppData\Local\ms-playwright\chromium_headless_shell-1161\chrome-win\headless_shell.exe&#xD;
╔════════════════════════════════════════════════════════════╗&#xD;
║ Looks like Playwright was just installed or updated.       ║&#xD;
║ Please run the following command to download new browsers: ║&#xD;
║                                                            ║&#xD;
║     pwsh bin/Debug/netX/playwright.ps1 install             ║&#xD;
║                                                            ║&#xD;
║ &lt;3 Playwright Team                                         ║&#xD;
╚════════════════════════════════════════════════════════════╝&#xD;
TearDown : System.InvalidOperationException : Page is not set for this context.</Message>
          <StackTrace>   at Microsoft.Playwright.Transport.Connection.InnerSendMessageToServerAsync[T](ChannelOwner object, String method, Dictionary`2 dictionary, Boolean keepNulls) in /_/src/Playwright/Transport/Connection.cs:line 206&#xD;
   at Microsoft.Playwright.Transport.Connection.WrapApiCallAsync[T](Func`1 action, Boolean isInternal)&#xD;
   at Microsoft.Playwright.Core.BrowserType.LaunchAsync(BrowserTypeLaunchOptions options) in /_/src/Playwright/Core/BrowserType.cs:line 56&#xD;
   at Framework.Tests.BaseTest.SetUpAsync() in D:\OneDrive - OTSI\AI_Learning\WillscotCSharpAI\Tests\BaseTest.cs:line 36&#xD;
   at NUnit.Framework.Internal.TaskAwaitAdapter.GenericAdapter`1.BlockUntilCompleted()&#xD;
   at NUnit.Framework.Internal.MessagePumpStrategy.NoMessagePumpStrategy.WaitForCompletion(AwaitAdapter awaiter)&#xD;
   at NUnit.Framework.Internal.AsyncToSyncAdapter.Await(Func`1 invoke)&#xD;
   at NUnit.Framework.Internal.Commands.SetUpTearDownItem.RunSetUpOrTearDownMethod(TestExecutionContext context, IMethodInfo method)&#xD;
   at NUnit.Framework.Internal.Commands.SetUpTearDownItem.RunSetUp(TestExecutionContext context)&#xD;
   at NUnit.Framework.Internal.Commands.SetUpTearDownCommand.&lt;&gt;c__DisplayClass0_0.&lt;.ctor&gt;b__0(TestExecutionContext context)&#xD;
   at NUnit.Framework.Internal.Commands.BeforeAndAfterTestCommand.&lt;&gt;c__DisplayClass1_0.&lt;Execute&gt;b__0()&#xD;
   at NUnit.Framework.Internal.Commands.DelegatingTestCommand.RunTestMethodInThreadAbortSafeZone(TestExecutionContext context, Action action)&#xD;
--TearDown&#xD;
   at Framework.Utilities.TestContextManager.get_Page() in D:\OneDrive - OTSI\AI_Learning\WillscotCSharpAI\Utilities\TestContextManager.cs:line 14&#xD;
   at Framework.Tests.BaseTest.TearDownAsync() in D:\OneDrive - OTSI\AI_Learning\WillscotCSharpAI\Tests\BaseTest.cs:line 61&#xD;
   at NUnit.Framework.Internal.TaskAwaitAdapter.GenericAdapter`1.GetResult()&#xD;
   at NUnit.Framework.Internal.AsyncToSyncAdapter.Await(Func`1 invoke)&#xD;
   at NUnit.Framework.Internal.Commands.SetUpTearDownItem.RunSetUpOrTearDownMethod(TestExecutionContext context, IMethodInfo method)&#xD;
   at NUnit.Framework.Internal.Commands.SetUpTearDownItem.RunTearDown(TestExecutionContext context)
</StackTrace>
        </ErrorInfo>
      </Output>
    </UnitTestResult>
    <UnitTestResult executionId="fb218048-9c75-437a-bb16-814cc3ca68b6" testId="5bad8d1d-905a-6855-6a1b-6563ed81dd8b" testName="VerifyLandingPageReturns200" computerName="OTSI-LAP-500" duration="00:00:02.0761780" startTime="2026-03-27T02:59:52.2425251+05:30" endTime="2026-03-27T02:59:54.3186501+05:30" testType="13cdc9d9-ddb5-4fa4-a97d-d965ccfc6d4b" outcome="Failed" testListId="8c84fa94-04c1-424b-9868-57a2d4851a1d" relativeResultsDirectory="fb218048-9c75-437a-bb16-814cc3ca68b6">
      <Output>
        <ErrorInfo>
          <Message>Microsoft.Playwright.PlaywrightException : Executable doesn't exist at C:\Users\sreekanth.simhadri\AppData\Local\ms-playwright\chromium_headless_shell-1161\chrome-win\headless_shell.exe&#xD;
╔════════════════════════════════════════════════════════════╗&#xD;
║ Looks like Playwright was just installed or updated.       ║&#xD;
║ Please run the following command to download new browsers: ║&#xD;
║                                                            ║&#xD;
║     pwsh bin/Debug/netX/playwright.ps1 install             ║&#xD;
║                                                            ║&#xD;
║ &lt;3 Playwright Team                                         ║&#xD;
╚════════════════════════════════════════════════════════════╝&#xD;
TearDown : System.InvalidOperationException : Page is not set for this context.</Message>
          <StackTrace>   at Microsoft.Playwright.Transport.Connection.InnerSendMessageToServerAsync[T](ChannelOwner object, String method, Dictionary`2 dictionary, Boolean keepNulls) in /_/src/Playwright/Transport/Connection.cs:line 206&#xD;
   at Microsoft.Playwright.Transport.Connection.WrapApiCallAsync[T](Func`1 action, Boolean isInternal)&#xD;
   at Microsoft.Playwright.Core.BrowserType.LaunchAsync(BrowserTypeLaunchOptions options) in /_/src/Playwright/Core/BrowserType.cs:line 56&#xD;
   at Framework.Tests.BaseTest.SetUpAsync() in D:\OneDrive - OTSI\AI_Learning\WillscotCSharpAI\Tests\BaseTest.cs:line 36&#xD;
   at NUnit.Framework.Internal.TaskAwaitAdapter.GenericAdapter`1.BlockUntilCompleted()&#xD;
   at NUnit.Framework.Internal.MessagePumpStrategy.NoMessagePumpStrategy.WaitForCompletion(AwaitAdapter awaiter)&#xD;
   at NUnit.Framework.Internal.AsyncToSyncAdapter.Await(Func`1 invoke)&#xD;
   at NUnit.Framework.Internal.Commands.SetUpTearDownItem.RunSetUpOrTearDownMethod(TestExecutionContext context, IMethodInfo method)&#xD;
   at NUnit.Framework.Internal.Commands.SetUpTearDownItem.RunSetUp(TestExecutionContext context)&#xD;
   at NUnit.Framework.Internal.Commands.SetUpTearDownCommand.&lt;&gt;c__DisplayClass0_0.&lt;.ctor&gt;b__0(TestExecutionContext context)&#xD;
   at NUnit.Framework.Internal.Commands.BeforeAndAfterTestCommand.&lt;&gt;c__DisplayClass1_0.&lt;Execute&gt;b__0()&#xD;
   at NUnit.Framework.Internal.Commands.DelegatingTestCommand.RunTestMethodInThreadAbortSafeZone(TestExecutionContext context, Action action)&#xD;
--TearDown&#xD;
   at Framework.Utilities.TestContextManager.get_Page() in D:\OneDrive - OTSI\AI_Learning\WillscotCSharpAI\Utilities\TestContextManager.cs:line 14&#xD;
   at Framework.Tests.BaseTest.TearDownAsync() in D:\OneDrive - OTSI\AI_Learning\WillscotCSharpAI\Tests\BaseTest.cs:line 61&#xD;
   at NUnit.Framework.Internal.TaskAwaitAdapter.GenericAdapter`1.GetResult()&#xD;
   at NUnit.Framework.Internal.AsyncToSyncAdapter.Await(Func`1 invoke)&#xD;
   at NUnit.Framework.Internal.Commands.SetUpTearDownItem.RunSetUpOrTearDownMethod(TestExecutionContext context, IMethodInfo method)&#xD;
   at NUnit.Framework.Internal.Commands.SetUpTearDownItem.RunTearDown(TestExecutionContext context)
</StackTrace>
        </ErrorInfo>
      </Output>
    </UnitTestResult>
    <UnitTestResult executionId="5e8cad73-d050-47c8-87c2-f34b77378031" testId="54bcd2ec-1167-dc50-cf90-3b603f556399" testName="VerifyPageTitle" computerName="OTSI-LAP-500" duration="00:00:01.9136110" startTime="2026-03-27T02:59:56.3724200+05:30" endTime="2026-03-27T02:59:58.2860328+05:30" testType="13cdc9d9-ddb5-4fa4-a97d-d965ccfc6d4b" outcome="Failed" testListId="8c84fa94-04c1-424b-9868-57a2d4851a1d" relativeResultsDirectory="5e8cad73-d050-47c8-87c2-f34b77378031">
      <Output>
        <ErrorInfo>
          <Message>Microsoft.Playwright.PlaywrightException : Executable doesn't exist at C:\Users\sreekanth.simhadri\AppData\Local\ms-playwright\chromium_headless_shell-1161\chrome-win\headless_shell.exe&#xD;
╔════════════════════════════════════════════════════════════╗&#xD;
║ Looks like Playwright was just installed or updated.       ║&#xD;
║ Please run the following command to download new browsers: ║&#xD;
║                                                            ║&#xD;
║     pwsh bin/Debug/netX/playwright.ps1 install             ║&#xD;
║                                                            ║&#xD;
║ &lt;3 Playwright Team                                         ║&#xD;
╚════════════════════════════════════════════════════════════╝&#xD;
TearDown : System.InvalidOperationException : Page is not set for this context.</Message>
          <StackTrace>   at Microsoft.Playwright.Transport.Connection.InnerSendMessageToServerAsync[T](ChannelOwner object, String method, Dictionary`2 dictionary, Boolean keepNulls) in /_/src/Playwright/Transport/Connection.cs:line 206&#xD;
   at Microsoft.Playwright.Transport.Connection.WrapApiCallAsync[T](Func`1 action, Boolean isInternal)&#xD;
   at Microsoft.Playwright.Core.BrowserType.LaunchAsync(BrowserTypeLaunchOptions options) in /_/src/Playwright/Core/BrowserType.cs:line 56&#xD;
   at Framework.Tests.BaseTest.SetUpAsync() in D:\OneDrive - OTSI\AI_Learning\WillscotCSharpAI\Tests\BaseTest.cs:line 36&#xD;
   at NUnit.Framework.Internal.TaskAwaitAdapter.GenericAdapter`1.BlockUntilCompleted()&#xD;
   at NUnit.Framework.Internal.MessagePumpStrategy.NoMessagePumpStrategy.WaitForCompletion(AwaitAdapter awaiter)&#xD;
   at NUnit.Framework.Internal.AsyncToSyncAdapter.Await(Func`1 invoke)&#xD;
   at NUnit.Framework.Internal.Commands.SetUpTearDownItem.RunSetUpOrTearDownMethod(TestExecutionContext context, IMethodInfo method)&#xD;
   at NUnit.Framework.Internal.Commands.SetUpTearDownItem.RunSetUp(TestExecutionContext context)&#xD;
   at NUnit.Framework.Internal.Commands.SetUpTearDownCommand.&lt;&gt;c__DisplayClass0_0.&lt;.ctor&gt;b__0(TestExecutionContext context)&#xD;
   at NUnit.Framework.Internal.Commands.BeforeAndAfterTestCommand.&lt;&gt;c__DisplayClass1_0.&lt;Execute&gt;b__0()&#xD;
   at NUnit.Framework.Internal.Commands.DelegatingTestCommand.RunTestMethodInThreadAbortSafeZone(TestExecutionContext context, Action action)&#xD;
--TearDown&#xD;
   at Framework.Utilities.TestContextManager.get_Page() in D:\OneDrive - OTSI\AI_Learning\WillscotCSharpAI\Utilities\TestContextManager.cs:line 14&#xD;
   at Framework.Tests.BaseTest.TearDownAsync() in D:\OneDrive - OTSI\AI_Learning\WillscotCSharpAI\Tests\BaseTest.cs:line 61&#xD;
   at NUnit.Framework.Internal.TaskAwaitAdapter.GenericAdapter`1.GetResult()&#xD;
   at NUnit.Framework.Internal.AsyncToSyncAdapter.Await(Func`1 invoke)&#xD;
   at NUnit.Framework.Internal.Commands.SetUpTearDownItem.RunSetUpOrTearDownMethod(TestExecutionContext context, IMethodInfo method)&#xD;
   at NUnit.Framework.Internal.Commands.SetUpTearDownItem.RunTearDown(TestExecutionContext context)
</StackTrace>
        </ErrorInfo>
      </Output>
    </UnitTestResult>
    <UnitTestResult executionId="2c926bf5-cd46-4fc3-95df-287e7ba63fc5" testId="ee416e23-443e-7b55-3fe2-e2fc22aa7531" testName="VerifyLogoExists" computerName="OTSI-LAP-500" duration="00:00:01.8998870" startTime="2026-03-27T02:59:56.3723480+05:30" endTime="2026-03-27T02:59:58.2722361+05:30" testType="13cdc9d9-ddb5-4fa4-a97d-d965ccfc6d4b" outcome="Failed" testListId="8c84fa94-04c1-424b-9868-57a2d4851a1d" relativeResultsDirectory="2c926bf5-cd46-4fc3-95df-287e7ba63fc5">
      <Output>
        <ErrorInfo>
          <Message>Microsoft.Playwright.PlaywrightException : Executable doesn't exist at C:\Users\sreekanth.simhadri\AppData\Local\ms-playwright\chromium_headless_shell-1161\chrome-win\headless_shell.exe&#xD;
╔════════════════════════════════════════════════════════════╗&#xD;
║ Looks like Playwright was just installed or updated.       ║&#xD;
║ Please run the following command to download new browsers: ║&#xD;
║                                                            ║&#xD;
║     pwsh bin/Debug/netX/playwright.ps1 install             ║&#xD;
║                                                            ║&#xD;
║ &lt;3 Playwright Team                                         ║&#xD;
╚════════════════════════════════════════════════════════════╝&#xD;
TearDown : System.InvalidOperationException : Page is not set for this context.</Message>
          <StackTrace>   at Microsoft.Playwright.Transport.Connection.InnerSendMessageToServerAsync[T](ChannelOwner object, String method, Dictionary`2 dictionary, Boolean keepNulls) in /_/src/Playwright/Transport/Connection.cs:line 206&#xD;
   at Microsoft.Playwright.Transport.Connection.WrapApiCallAsync[T](Func`1 action, Boolean isInternal)&#xD;
   at Microsoft.Playwright.Core.BrowserType.LaunchAsync(BrowserTypeLaunchOptions options) in /_/src/Playwright/Core/BrowserType.cs:line 56&#xD;
   at Framework.Tests.BaseTest.SetUpAsync() in D:\OneDrive - OTSI\AI_Learning\WillscotCSharpAI\Tests\BaseTest.cs:line 36&#xD;
   at NUnit.Framework.Internal.TaskAwaitAdapter.GenericAdapter`1.BlockUntilCompleted()&#xD;
   at NUnit.Framework.Internal.MessagePumpStrategy.NoMessagePumpStrategy.WaitForCompletion(AwaitAdapter awaiter)&#xD;
   at NUnit.Framework.Internal.AsyncToSyncAdapter.Await(Func`1 invoke)&#xD;
   at NUnit.Framework.Internal.Commands.SetUpTearDownItem.RunSetUpOrTearDownMethod(TestExecutionContext context, IMethodInfo method)&#xD;
   at NUnit.Framework.Internal.Commands.SetUpTearDownItem.RunSetUp(TestExecutionContext context)&#xD;
   at NUnit.Framework.Internal.Commands.SetUpTearDownCommand.&lt;&gt;c__DisplayClass0_0.&lt;.ctor&gt;b__0(TestExecutionContext context)&#xD;
   at NUnit.Framework.Internal.Commands.BeforeAndAfterTestCommand.&lt;&gt;c__DisplayClass1_0.&lt;Execute&gt;b__0()&#xD;
   at NUnit.Framework.Internal.Commands.DelegatingTestCommand.RunTestMethodInThreadAbortSafeZone(TestExecutionContext context, Action action)&#xD;
--TearDown&#xD;
   at Framework.Utilities.TestContextManager.get_Page() in D:\OneDrive - OTSI\AI_Learning\WillscotCSharpAI\Utilities\TestContextManager.cs:line 14&#xD;
   at Framework.Tests.BaseTest.TearDownAsync() in D:\OneDrive - OTSI\AI_Learning\WillscotCSharpAI\Tests\BaseTest.cs:line 61&#xD;
   at NUnit.Framework.Internal.TaskAwaitAdapter.GenericAdapter`1.GetResult()&#xD;
   at NUnit.Framework.Internal.AsyncToSyncAdapter.Await(Func`1 invoke)&#xD;
   at NUnit.Framework.Internal.Commands.SetUpTearDownItem.RunSetUpOrTearDownMethod(TestExecutionContext context, IMethodInfo method)&#xD;
   at NUnit.Framework.Internal.Commands.SetUpTearDownItem.RunTearDown(TestExecutionContext context)
</StackTrace>
        </ErrorInfo>
      </Output>
    </UnitTestResult>
  </Results>
  <TestDefinitions>
    <UnitTest name="VerifyLandingPageReturns200" storage="d:\onedrive - otsi\ai_learning\willscotcsharpai\bin\debug\net6.0\framework.dll" id="5bad8d1d-905a-6855-6a1b-6563ed81dd8b">
      <Execution id="fb218048-9c75-437a-bb16-814cc3ca68b6" />
      <TestMethod codeBase="D:\OneDrive - OTSI\AI_Learning\WillscotCSharpAI\bin\Debug\net6.0\Framework.dll" adapterTypeName="executor://nunit3testexecutor/" className="Framework.Tests.ApiTests.LandingApiTests" name="VerifyLandingPageReturns200" />
    </UnitTest>
    <UnitTest name="VerifyPageTitle" storage="d:\onedrive - otsi\ai_learning\willscotcsharpai\bin\debug\net6.0\framework.dll" id="54bcd2ec-1167-dc50-cf90-3b603f556399">
      <Execution id="5e8cad73-d050-47c8-87c2-f34b77378031" />
      <TestMethod codeBase="D:\OneDrive - OTSI\AI_Learning\WillscotCSharpAI\bin\Debug\net6.0\Framework.dll" adapterTypeName="executor://nunit3testexecutor/" className="Framework.Tests.WebTests.LandingPageTests" name="VerifyPageTitle" />
    </UnitTest>
    <UnitTest name="VerifyNavigationMenu" storage="d:\onedrive - otsi\ai_learning\willscotcsharpai\bin\debug\net6.0\framework.dll" id="4ca2cdae-5aae-b2d4-a57d-5820d5dc340a">
      <Execution id="3592f047-18f7-47bf-ae06-5b359cfb0ce2" />
      <TestMethod codeBase="D:\OneDrive - OTSI\AI_Learning\WillscotCSharpAI\bin\Debug\net6.0\Framework.dll" adapterTypeName="executor://nunit3testexecutor/" className="Framework.Tests.WebTests.LandingPageTests" name="VerifyNavigationMenu" />
    </UnitTest>
    <UnitTest name="VerifyLogoExists" storage="d:\onedrive - otsi\ai_learning\willscotcsharpai\bin\debug\net6.0\framework.dll" id="ee416e23-443e-7b55-3fe2-e2fc22aa7531">
      <Execution id="2c926bf5-cd46-4fc3-95df-287e7ba63fc5" />
      <TestMethod codeBase="D:\OneDrive - OTSI\AI_Learning\WillscotCSharpAI\bin\Debug\net6.0\Framework.dll" adapterTypeName="executor://nunit3testexecutor/" className="Framework.Tests.WebTests.LandingPageTests" name="VerifyLogoExists" />
    </UnitTest>
  </TestDefinitions>
  <TestEntries>
    <TestEntry testId="4ca2cdae-5aae-b2d4-a57d-5820d5dc340a" executionId="3592f047-18f7-47bf-ae06-5b359cfb0ce2" testListId="8c84fa94-04c1-424b-9868-57a2d4851a1d" />
    <TestEntry testId="5bad8d1d-905a-6855-6a1b-6563ed81dd8b" executionId="fb218048-9c75-437a-bb16-814cc3ca68b6" testListId="8c84fa94-04c1-424b-9868-57a2d4851a1d" />
    <TestEntry testId="54bcd2ec-1167-dc50-cf90-3b603f556399" executionId="5e8cad73-d050-47c8-87c2-f34b77378031" testListId="8c84fa94-04c1-424b-9868-57a2d4851a1d" />
    <TestEntry testId="ee416e23-443e-7b55-3fe2-e2fc22aa7531" executionId="2c926bf5-cd46-4fc3-95df-287e7ba63fc5" testListId="8c84fa94-04c1-424b-9868-57a2d4851a1d" />
  </TestEntries>
  <TestLists>
    <TestList name="Results Not in a List" id="8c84fa94-04c1-424b-9868-57a2d4851a1d" />
    <TestList name="All Loaded Results" id="19431567-8539-422a-85d7-44ee4e166bda" />
  </TestLists>
  <ResultSummary outcome="Failed">
    <Counters total="4" executed="4" passed="0" failed="4" error="0" timeout="0" aborted="0" inconclusive="0" passedButRunAborted="0" notRunnable="0" notExecuted="0" disconnected="0" warning="0" completed="0" inProgress="0" pending="0" />
    <Output>
      <StdOut>NUnit Adapter 4.4.0.0: Test execution started&#xD;
Running all tests in D:\OneDrive - OTSI\AI_Learning\WillscotCSharpAI\bin\Debug\net6.0\Framework.dll&#xD;
   NUnit3TestExecutor discovered 4 of 4 NUnit test cases using Current Discovery mode, Non-Explicit run&#xD;
NUnit Adapter 4.4.0.0: Test execution complete&#xD;
</StdOut>
    </Output>
  </ResultSummary>
</TestRun>