<?xml version="1.0" encoding="utf-8"?>
<TestRun id="dd590b3f-34dd-47b9-925d-6e0a18332bcc" name="sreekanth.simhadri@OTSI-LAP-500 2026-03-27 02:52:02" runUser="OTSI\sreekanth.simhadri" xmlns="http://microsoft.com/schemas/VisualStudio/TeamTest/2010">
  <Times creation="2026-03-27T02:52:02.1189060+05:30" queuing="2026-03-27T02:52:02.1189064+05:30" start="2026-03-27T02:51:58.5054492+05:30" finish="2026-03-27T02:52:03.3215862+05:30" />
  <TestSettings name="default" id="3d0e8b4d-b36c-43bf-8e90-ba50a44ef43c">
    <Deployment runDeploymentRoot="sreekanth.simhadri_OTSI-LAP-500_2026-03-27_02_52_02" />
  </TestSettings>
  <Results>
    <UnitTestResult executionId="b11ce765-a74b-49d7-bd81-6d0d6837848d" testId="5bad8d1d-905a-6855-6a1b-6563ed81dd8b" testName="VerifyLandingPageReturns200" computerName="OTSI-LAP-500" duration="00:00:01.8176900" startTime="2026-03-27T02:51:59.4544360+05:30" endTime="2026-03-27T02:52:01.2720577+05:30" testType="13cdc9d9-ddb5-4fa4-a97d-d965ccfc6d4b" outcome="Failed" testListId="8c84fa94-04c1-424b-9868-57a2d4851a1d" relativeResultsDirectory="b11ce765-a74b-49d7-bd81-6d0d6837848d">
      <Output>
        <ErrorInfo>
          <Message>Microsoft.Playwright.PlaywrightException : Executable doesn't exist at C:\Users\sreekanth.simhadri\AppData\Local\ms-playwright\chromium_headless_shell-1161\chrome-win\headless_shell.exe&#xD;
╔════════════════════════════════════════════════════════════╗&#xD;
║ Looks like Playwright was just installed or updated.       ║&#xD;
║ Please run the following command to download new browsers: ║&#xD;
║                                                            ║&#xD;
║     pwsh bin/Debug/netX/playwright.ps1 install             ║&#xD;
║                                                            ║&#xD;
║ &lt;3 Playwright Team                                         ║&#xD;
╚════════════════════════════════════════════════════════════╝&#xD;
TearDown : System.InvalidOperationException : Page is not set for this context.</Message>
          <StackTrace>   at Microsoft.Playwright.Transport.Connection.InnerSendMessageToServerAsync[T](ChannelOwner object, String method, Dictionary`2 dictionary, Boolean keepNulls) in /_/src/Playwright/Transport/Connection.cs:line 206&#xD;
   at Microsoft.Playwright.Transport.Connection.WrapApiCallAsync[T](Func`1 action, Boolean isInternal)&#xD;
   at Microsoft.Playwright.Core.BrowserType.LaunchAsync(BrowserTypeLaunchOptions options) in /_/src/Playwright/Core/BrowserType.cs:line 56&#xD;
   at Framework.Tests.BaseTest.SetUpAsync() in D:\OneDrive - OTSI\AI_Learning\WillscotCSharpAI\Tests\BaseTest.cs:line 36&#xD;
   at NUnit.Framework.Internal.TaskAwaitAdapter.GenericAdapter`1.BlockUntilCompleted()&#xD;
   at NUnit.Framework.Internal.MessagePumpStrategy.NoMessagePumpStrategy.WaitForCompletion(AwaitAdapter awaiter)&#xD;
   at NUnit.Framework.Internal.AsyncToSyncAdapter.Await(Func`1 invoke)&#xD;
   at NUnit.Framework.Internal.Commands.SetUpTearDownItem.RunSetUpOrTearDownMethod(TestExecutionContext context, IMethodInfo method)&#xD;
   at NUnit.Framework.Internal.Commands.SetUpTearDownItem.RunSetUp(TestExecutionContext context)&#xD;
   at NUnit.Framework.Internal.Commands.SetUpTearDownCommand.&lt;&gt;c__DisplayClass0_0.&lt;.ctor&gt;b__0(TestExecutionContext context)&#xD;
   at NUnit.Framework.Internal.Commands.BeforeAndAfterTestCommand.&lt;&gt;c__DisplayClass1_0.&lt;Execute&gt;b__0()&#xD;
   at NUnit.Framework.Internal.Commands.DelegatingTestCommand.RunTestMethodInThreadAbortSafeZone(TestExecutionContext context, Action action)&#xD;
--TearDown&#xD;
   at Framework.Utilities.TestContextManager.get_Page() in D:\OneDrive - OTSI\AI_Learning\WillscotCSharpAI\Utilities\TestContextManager.cs:line 14&#xD;
   at Framework.Tests.BaseTest.TearDownAsync() in D:\OneDrive - OTSI\AI_Learning\WillscotCSharpAI\Tests\BaseTest.cs:line 61&#xD;
   at NUnit.Framework.Internal.TaskAwaitAdapter.GenericAdapter`1.GetResult()&#xD;
   at NUnit.Framework.Internal.AsyncToSyncAdapter.Await(Func`1 invoke)&#xD;
   at NUnit.Framework.Internal.Commands.SetUpTearDownItem.RunSetUpOrTearDownMethod(TestExecutionContext context, IMethodInfo method)&#xD;
   at NUnit.Framework.Internal.Commands.SetUpTearDownItem.RunTearDown(TestExecutionContext context)
</StackTrace>
        </ErrorInfo>
      </Output>
    </UnitTestResult>
    <UnitTestResult executionId="21a6171f-d568-41a7-8564-2de367b732d3" testId="4ca2cdae-5aae-b2d4-a57d-5820d5dc340a" testName="VerifyNavigationMenu" computerName="OTSI-LAP-500" duration="00:00:01.8404240" startTime="2026-03-27T02:52:01.4005547+05:30" endTime="2026-03-27T02:52:03.2409785+05:30" testType="13cdc9d9-ddb5-4fa4-a97d-d965ccfc6d4b" outcome="Failed" testListId="8c84fa94-04c1-424b-9868-57a2d4851a1d" relativeResultsDirectory="21a6171f-d568-41a7-8564-2de367b732d3">
      <Output>
        <ErrorInfo>
          <Message>Microsoft.Playwright.PlaywrightException : Executable doesn't exist at C:\Users\sreekanth.simhadri\AppData\Local\ms-playwright\chromium_headless_shell-1161\chrome-win\headless_shell.exe&#xD;
╔════════════════════════════════════════════════════════════╗&#xD;
║ Looks like Playwright was just installed or updated.       ║&#xD;
║ Please run the following command to download new browsers: ║&#xD;
║                                                            ║&#xD;
║     pwsh bin/Debug/netX/playwright.ps1 install             ║&#xD;
║                                                            ║&#xD;
║ &lt;3 Playwright Team                                         ║&#xD;
╚════════════════════════════════════════════════════════════╝&#xD;
TearDown : System.InvalidOperationException : Page is not set for this context.</Message>
          <StackTrace>   at Microsoft.Playwright.Transport.Connection.InnerSendMessageToServerAsync[T](ChannelOwner object, String method, Dictionary`2 dictionary, Boolean keepNulls) in /_/src/Playwright/Transport/Connection.cs:line 206&#xD;
   at Microsoft.Playwright.Transport.Connection.WrapApiCallAsync[T](Func`1 action, Boolean isInternal)&#xD;
   at Microsoft.Playwright.Core.BrowserType.LaunchAsync(BrowserTypeLaunchOptions options) in /_/src/Playwright/Core/BrowserType.cs:line 56&#xD;
   at Framework.Tests.BaseTest.SetUpAsync() in D:\OneDrive - OTSI\AI_Learning\WillscotCSharpAI\Tests\BaseTest.cs:line 36&#xD;
   at NUnit.Framework.Internal.TaskAwaitAdapter.GenericAdapter`1.BlockUntilCompleted()&#xD;
   at NUnit.Framework.Internal.MessagePumpStrategy.NoMessagePumpStrategy.WaitForCompletion(AwaitAdapter awaiter)&#xD;
   at NUnit.Framework.Internal.AsyncToSyncAdapter.Await(Func`1 invoke)&#xD;
   at NUnit.Framework.Internal.Commands.SetUpTearDownItem.RunSetUpOrTearDownMethod(TestExecutionContext context, IMethodInfo method)&#xD;
   at NUnit.Framework.Internal.Commands.SetUpTearDownItem.RunSetUp(TestExecutionContext context)&#xD;
   at NUnit.Framework.Internal.Commands.SetUpTearDownCommand.&lt;&gt;c__DisplayClass0_0.&lt;.ctor&gt;b__0(TestExecutionContext context)&#xD;
   at NUnit.Framework.Internal.Commands.BeforeAndAfterTestCommand.&lt;&gt;c__DisplayClass1_0.&lt;Execute&gt;b__0()&#xD;
   at NUnit.Framework.Internal.Commands.DelegatingTestCommand.RunTestMethodInThreadAbortSafeZone(TestExecutionContext context, Action action)&#xD;
--TearDown&#xD;
   at Framework.Utilities.TestContextManager.get_Page() in D:\OneDrive - OTSI\AI_Learning\WillscotCSharpAI\Utilities\TestContextManager.cs:line 14&#xD;
   at Framework.Tests.BaseTest.TearDownAsync() in D:\OneDrive - OTSI\AI_Learning\WillscotCSharpAI\Tests\BaseTest.cs:line 61&#xD;
   at NUnit.Framework.Internal.TaskAwaitAdapter.GenericAdapter`1.GetResult()&#xD;
   at NUnit.Framework.Internal.AsyncToSyncAdapter.Await(Func`1 invoke)&#xD;
   at NUnit.Framework.Internal.Commands.SetUpTearDownItem.RunSetUpOrTearDownMethod(TestExecutionContext context, IMethodInfo method)&#xD;
   at NUnit.Framework.Internal.Commands.SetUpTearDownItem.RunTearDown(TestExecutionContext context)
</StackTrace>
        </ErrorInfo>
      </Output>
    </UnitTestResult>
    <UnitTestResult executionId="6de82f24-465a-4fcb-bb4a-ec6e47be1c6c" testId="54bcd2ec-1167-dc50-cf90-3b603f556399" testName="VerifyPageTitle" computerName="OTSI-LAP-500" duration="00:00:01.8484610" startTime="2026-03-27T02:52:01.4005962+05:30" endTime="2026-03-27T02:52:03.2490574+05:30" testType="13cdc9d9-ddb5-4fa4-a97d-d965ccfc6d4b" outcome="Failed" testListId="8c84fa94-04c1-424b-9868-57a2d4851a1d" relativeResultsDirectory="6de82f24-465a-4fcb-bb4a-ec6e47be1c6c">
      <Output>
        <ErrorInfo>
          <Message>Microsoft.Playwright.PlaywrightException : Executable doesn't exist at C:\Users\sreekanth.simhadri\AppData\Local\ms-playwright\chromium_headless_shell-1161\chrome-win\headless_shell.exe&#xD;
╔════════════════════════════════════════════════════════════╗&#xD;
║ Looks like Playwright was just installed or updated.       ║&#xD;
║ Please run the following command to download new browsers: ║&#xD;
║                                                            ║&#xD;
║     pwsh bin/Debug/netX/playwright.ps1 install             ║&#xD;
║                                                            ║&#xD;
║ &lt;3 Playwright Team                                         ║&#xD;
╚════════════════════════════════════════════════════════════╝&#xD;
TearDown : System.InvalidOperationException : Page is not set for this context.</Message>
          <StackTrace>   at Microsoft.Playwright.Transport.Connection.InnerSendMessageToServerAsync[T](ChannelOwner object, String method, Dictionary`2 dictionary, Boolean keepNulls) in /_/src/Playwright/Transport/Connection.cs:line 206&#xD;
   at Microsoft.Playwright.Transport.Connection.WrapApiCallAsync[T](Func`1 action, Boolean isInternal)&#xD;
   at Microsoft.Playwright.Core.BrowserType.LaunchAsync(BrowserTypeLaunchOptions options) in /_/src/Playwright/Core/BrowserType.cs:line 56&#xD;
   at Framework.Tests.BaseTest.SetUpAsync() in D:\OneDrive - OTSI\AI_Learning\WillscotCSharpAI\Tests\BaseTest.cs:line 36&#xD;
   at NUnit.Framework.Internal.TaskAwaitAdapter.GenericAdapter`1.BlockUntilCompleted()&#xD;
   at NUnit.Framework.Internal.MessagePumpStrategy.NoMessagePumpStrategy.WaitForCompletion(AwaitAdapter awaiter)&#xD;
   at NUnit.Framework.Internal.AsyncToSyncAdapter.Await(Func`1 invoke)&#xD;
   at NUnit.Framework.Internal.Commands.SetUpTearDownItem.RunSetUpOrTearDownMethod(TestExecutionContext context, IMethodInfo method)&#xD;
   at NUnit.Framework.Internal.Commands.SetUpTearDownItem.RunSetUp(TestExecutionContext context)&#xD;
   at NUnit.Framework.Internal.Commands.SetUpTearDownCommand.&lt;&gt;c__DisplayClass0_0.&lt;.ctor&gt;b__0(TestExecutionContext context)&#xD;
   at NUnit.Framework.Internal.Commands.BeforeAndAfterTestCommand.&lt;&gt;c__DisplayClass1_0.&lt;Execute&gt;b__0()&#xD;
   at NUnit.Framework.Internal.Commands.DelegatingTestCommand.RunTestMethodInThreadAbortSafeZone(TestExecutionContext context, Action action)&#xD;
--TearDown&#xD;
   at Framework.Utilities.TestContextManager.get_Page() in D:\OneDrive - OTSI\AI_Learning\WillscotCSharpAI\Utilities\TestContextManager.cs:line 14&#xD;
   at Framework.Tests.BaseTest.TearDownAsync() in D:\OneDrive - OTSI\AI_Learning\WillscotCSharpAI\Tests\BaseTest.cs:line 61&#xD;
   at NUnit.Framework.Internal.TaskAwaitAdapter.GenericAdapter`1.GetResult()&#xD;
   at NUnit.Framework.Internal.AsyncToSyncAdapter.Await(Func`1 invoke)&#xD;
   at NUnit.Framework.Internal.Commands.SetUpTearDownItem.RunSetUpOrTearDownMethod(TestExecutionContext context, IMethodInfo method)&#xD;
   at NUnit.Framework.Internal.Commands.SetUpTearDownItem.RunTearDown(TestExecutionContext context)
</StackTrace>
        </ErrorInfo>
      </Output>
    </UnitTestResult>
    <UnitTestResult executionId="b0aac9cb-b616-4415-89eb-09c6af81d2af" testId="ee416e23-443e-7b55-3fe2-e2fc22aa7531" testName="VerifyLogoExists" computerName="OTSI-LAP-500" duration="00:00:01.8429660" startTime="2026-03-27T02:52:01.4005866+05:30" endTime="2026-03-27T02:52:03.2435534+05:30" testType="13cdc9d9-ddb5-4fa4-a97d-d965ccfc6d4b" outcome="Failed" testListId="8c84fa94-04c1-424b-9868-57a2d4851a1d" relativeResultsDirectory="b0aac9cb-b616-4415-89eb-09c6af81d2af">
      <Output>
        <ErrorInfo>
          <Message>Microsoft.Playwright.PlaywrightException : Executable doesn't exist at C:\Users\sreekanth.simhadri\AppData\Local\ms-playwright\chromium_headless_shell-1161\chrome-win\headless_shell.exe&#xD;
╔════════════════════════════════════════════════════════════╗&#xD;
║ Looks like Playwright was just installed or updated.       ║&#xD;
║ Please run the following command to download new browsers: ║&#xD;
║                                                            ║&#xD;
║     pwsh bin/Debug/netX/playwright.ps1 install             ║&#xD;
║                                                            ║&#xD;
║ &lt;3 Playwright Team                                         ║&#xD;
╚════════════════════════════════════════════════════════════╝&#xD;
TearDown : System.InvalidOperationException : Page is not set for this context.</Message>
          <StackTrace>   at Microsoft.Playwright.Transport.Connection.InnerSendMessageToServerAsync[T](ChannelOwner object, String method, Dictionary`2 dictionary, Boolean keepNulls) in /_/src/Playwright/Transport/Connection.cs:line 206&#xD;
   at Microsoft.Playwright.Transport.Connection.WrapApiCallAsync[T](Func`1 action, Boolean isInternal)&#xD;
   at Microsoft.Playwright.Core.BrowserType.LaunchAsync(BrowserTypeLaunchOptions options) in /_/src/Playwright/Core/BrowserType.cs:line 56&#xD;
   at Framework.Tests.BaseTest.SetUpAsync() in D:\OneDrive - OTSI\AI_Learning\WillscotCSharpAI\Tests\BaseTest.cs:line 36&#xD;
   at NUnit.Framework.Internal.TaskAwaitAdapter.GenericAdapter`1.BlockUntilCompleted()&#xD;
   at NUnit.Framework.Internal.MessagePumpStrategy.NoMessagePumpStrategy.WaitForCompletion(AwaitAdapter awaiter)&#xD;
   at NUnit.Framework.Internal.AsyncToSyncAdapter.Await(Func`1 invoke)&#xD;
   at NUnit.Framework.Internal.Commands.SetUpTearDownItem.RunSetUpOrTearDownMethod(TestExecutionContext context, IMethodInfo method)&#xD;
   at NUnit.Framework.Internal.Commands.SetUpTearDownItem.RunSetUp(TestExecutionContext context)&#xD;
   at NUnit.Framework.Internal.Commands.SetUpTearDownCommand.&lt;&gt;c__DisplayClass0_0.&lt;.ctor&gt;b__0(TestExecutionContext context)&#xD;
   at NUnit.Framework.Internal.Commands.BeforeAndAfterTestCommand.&lt;&gt;c__DisplayClass1_0.&lt;Execute&gt;b__0()&#xD;
   at NUnit.Framework.Internal.Commands.DelegatingTestCommand.RunTestMethodInThreadAbortSafeZone(TestExecutionContext context, Action action)&#xD;
--TearDown&#xD;
   at Framework.Utilities.TestContextManager.get_Page() in D:\OneDrive - OTSI\AI_Learning\WillscotCSharpAI\Utilities\TestContextManager.cs:line 14&#xD;
   at Framework.Tests.BaseTest.TearDownAsync() in D:\OneDrive - OTSI\AI_Learning\WillscotCSharpAI\Tests\BaseTest.cs:line 61&#xD;
   at NUnit.Framework.Internal.TaskAwaitAdapter.GenericAdapter`1.GetResult()&#xD;
   at NUnit.Framework.Internal.AsyncToSyncAdapter.Await(Func`1 invoke)&#xD;
   at NUnit.Framework.Internal.Commands.SetUpTearDownItem.RunSetUpOrTearDownMethod(TestExecutionContext context, IMethodInfo method)&#xD;
   at NUnit.Framework.Internal.Commands.SetUpTearDownItem.RunTearDown(TestExecutionContext context)
</StackTrace>
        </ErrorInfo>
      </Output>
    </UnitTestResult>
  </Results>
  <TestDefinitions>
    <UnitTest name="VerifyLandingPageReturns200" storage="d:\onedrive - otsi\ai_learning\willscotcsharpai\bin\debug\net6.0\framework.dll" id="5bad8d1d-905a-6855-6a1b-6563ed81dd8b">
      <Execution id="b11ce765-a74b-49d7-bd81-6d0d6837848d" />
      <TestMethod codeBase="D:\OneDrive - OTSI\AI_Learning\WillscotCSharpAI\bin\Debug\net6.0\Framework.dll" adapterTypeName="executor://nunit3testexecutor/" className="Framework.Tests.ApiTests.LandingApiTests" name="VerifyLandingPageReturns200" />
    </UnitTest>
    <UnitTest name="VerifyPageTitle" storage="d:\onedrive - otsi\ai_learning\willscotcsharpai\bin\debug\net6.0\framework.dll" id="54bcd2ec-1167-dc50-cf90-3b603f556399">
      <Execution id="6de82f24-465a-4fcb-bb4a-ec6e47be1c6c" />
      <TestMethod codeBase="D:\OneDrive - OTSI\AI_Learning\WillscotCSharpAI\bin\Debug\net6.0\Framework.dll" adapterTypeName="executor://nunit3testexecutor/" className="Framework.Tests.WebTests.LandingPageTests" name="VerifyPageTitle" />
    </UnitTest>
    <UnitTest name="VerifyNavigationMenu" storage="d:\onedrive - otsi\ai_learning\willscotcsharpai\bin\debug\net6.0\framework.dll" id="4ca2cdae-5aae-b2d4-a57d-5820d5dc340a">
      <Execution id="21a6171f-d568-41a7-8564-2de367b732d3" />
      <TestMethod codeBase="D:\OneDrive - OTSI\AI_Learning\WillscotCSharpAI\bin\Debug\net6.0\Framework.dll" adapterTypeName="executor://nunit3testexecutor/" className="Framework.Tests.WebTests.LandingPageTests" name="VerifyNavigationMenu" />
    </UnitTest>
    <UnitTest name="VerifyLogoExists" storage="d:\onedrive - otsi\ai_learning\willscotcsharpai\bin\debug\net6.0\framework.dll" id="ee416e23-443e-7b55-3fe2-e2fc22aa7531">
      <Execution id="b0aac9cb-b616-4415-89eb-09c6af81d2af" />
      <TestMethod codeBase="D:\OneDrive - OTSI\AI_Learning\WillscotCSharpAI\bin\Debug\net6.0\Framework.dll" adapterTypeName="executor://nunit3testexecutor/" className="Framework.Tests.WebTests.LandingPageTests" name="VerifyLogoExists" />
    </UnitTest>
  </TestDefinitions>
  <TestEntries>
    <TestEntry testId="5bad8d1d-905a-6855-6a1b-6563ed81dd8b" executionId="b11ce765-a74b-49d7-bd81-6d0d6837848d" testListId="8c84fa94-04c1-424b-9868-57a2d4851a1d" />
    <TestEntry testId="4ca2cdae-5aae-b2d4-a57d-5820d5dc340a" executionId="21a6171f-d568-41a7-8564-2de367b732d3" testListId="8c84fa94-04c1-424b-9868-57a2d4851a1d" />
    <TestEntry testId="54bcd2ec-1167-dc50-cf90-3b603f556399" executionId="6de82f24-465a-4fcb-bb4a-ec6e47be1c6c" testListId="8c84fa94-04c1-424b-9868-57a2d4851a1d" />
    <TestEntry testId="ee416e23-443e-7b55-3fe2-e2fc22aa7531" executionId="b0aac9cb-b616-4415-89eb-09c6af81d2af" testListId="8c84fa94-04c1-424b-9868-57a2d4851a1d" />
  </TestEntries>
  <TestLists>
    <TestList name="Results Not in a List" id="8c84fa94-04c1-424b-9868-57a2d4851a1d" />
    <TestList name="All Loaded Results" id="19431567-8539-422a-85d7-44ee4e166bda" />
  </TestLists>
  <ResultSummary outcome="Failed">
    <Counters total="4" executed="4" passed="0" failed="4" error="0" timeout="0" aborted="0" inconclusive="0" passedButRunAborted="0" notRunnable="0" notExecuted="0" disconnected="0" warning="0" completed="0" inProgress="0" pending="0" />
    <Output>
      <StdOut>NUnit Adapter 4.4.0.0: Test execution started&#xD;
Running all tests in D:\OneDrive - OTSI\AI_Learning\WillscotCSharpAI\bin\Debug\net6.0\Framework.dll&#xD;
   NUnit3TestExecutor discovered 4 of 4 NUnit test cases using Current Discovery mode, Non-Explicit run&#xD;
NUnit Adapter 4.4.0.0: Test execution complete&#xD;
</StdOut>
    </Output>
    <RunInfos>
      <RunInfo computerName="OTSI-LAP-500" outcome="Warning" timestamp="2026-03-27T02:52:01.4012974+05:30">
        <Text>TearDown failed for test fixture Framework.Tests.ApiTests.LandingApiTests</Text>
      </RunInfo>
      <RunInfo computerName="OTSI-LAP-500" outcome="Warning" timestamp="2026-03-27T02:52:01.4021133+05:30">
        <Text>One or more child tests had errors&#xD;
TearDown : System.Net.Mail.SmtpException : Failure sending mail.&#xD;
  ----&gt; System.Net.Sockets.SocketException : No such host is known.
StackTrace: --TearDown&#xD;
   at System.Net.Mail.SmtpClient.Send(MailMessage message)&#xD;
   at Framework.Utilities.NotificationService.SendEmail(Int32 total, Int32 passed, Int32 failed, String duration, String reportUrl) in D:\OneDrive - OTSI\AI_Learning\WillscotCSharpAI\Utilities\NotificationService.cs:line 29&#xD;
   at Framework.Tests.BaseTest.OneTimeTearDownAsync() in D:\OneDrive - OTSI\AI_Learning\WillscotCSharpAI\Tests\BaseTest.cs:line 78&#xD;
   at NUnit.Framework.Internal.TaskAwaitAdapter.GenericAdapter`1.GetResult()&#xD;
   at NUnit.Framework.Internal.AsyncToSyncAdapter.Await(Func`1 invoke)&#xD;
   at NUnit.Framework.Internal.Commands.SetUpTearDownItem.RunSetUpOrTearDownMethod(TestExecutionContext context, IMethodInfo method)&#xD;
   at NUnit.Framework.Internal.Commands.SetUpTearDownItem.RunTearDown(TestExecutionContext context)&#xD;
--SocketException&#xD;
   at System.Net.Dns.GetHostEntryOrAddressesCore(String hostName, Boolean justAddresses, AddressFamily addressFamily, ValueStopwatch stopwatch)&#xD;
   at System.Net.Dns.GetHostAddresses(String hostNameOrAddress, AddressFamily family)&#xD;
   at System.Net.Dns.GetHostAddresses(String hostNameOrAddress)&#xD;
   at System.Net.Sockets.TcpClient.Connect(String hostname, Int32 port)&#xD;
   at System.Net.Mail.SmtpConnection.GetConnection(String host, Int32 port)&#xD;
   at System.Net.Mail.SmtpTransport.GetConnection(String host, Int32 port)&#xD;
   at System.Net.Mail.SmtpClient.GetConnection()&#xD;
   at System.Net.Mail.SmtpClient.Send(MailMessage message)</Text>
      </RunInfo>
      <RunInfo computerName="OTSI-LAP-500" outcome="Warning" timestamp="2026-03-27T02:52:03.2510127+05:30">
        <Text>TearDown failed for test fixture Framework.Tests.WebTests.LandingPageTests</Text>
      </RunInfo>
      <RunInfo computerName="OTSI-LAP-500" outcome="Warning" timestamp="2026-03-27T02:52:03.2514090+05:30">
        <Text>One or more child tests had errors&#xD;
TearDown : System.Net.Mail.SmtpException : Failure sending mail.&#xD;
  ----&gt; System.Net.Sockets.SocketException : No such host is known.
StackTrace: --TearDown&#xD;
   at System.Net.Mail.SmtpClient.Send(MailMessage message)&#xD;
   at Framework.Utilities.NotificationService.SendEmail(Int32 total, Int32 passed, Int32 failed, String duration, String reportUrl) in D:\OneDrive - OTSI\AI_Learning\WillscotCSharpAI\Utilities\NotificationService.cs:line 29&#xD;
   at Framework.Tests.BaseTest.OneTimeTearDownAsync() in D:\OneDrive - OTSI\AI_Learning\WillscotCSharpAI\Tests\BaseTest.cs:line 78&#xD;
   at NUnit.Framework.Internal.TaskAwaitAdapter.GenericAdapter`1.GetResult()&#xD;
   at NUnit.Framework.Internal.AsyncToSyncAdapter.Await(Func`1 invoke)&#xD;
   at NUnit.Framework.Internal.Commands.SetUpTearDownItem.RunSetUpOrTearDownMethod(TestExecutionContext context, IMethodInfo method)&#xD;
   at NUnit.Framework.Internal.Commands.SetUpTearDownItem.RunTearDown(TestExecutionContext context)&#xD;
--SocketException&#xD;
   at System.Net.Dns.GetHostEntryOrAddressesCore(String hostName, Boolean justAddresses, AddressFamily addressFamily, ValueStopwatch stopwatch)&#xD;
   at System.Net.Dns.GetHostAddresses(String hostNameOrAddress, AddressFamily family)&#xD;
   at System.Net.Dns.GetHostAddresses(String hostNameOrAddress)&#xD;
   at System.Net.Sockets.TcpClient.Connect(String hostname, Int32 port)&#xD;
   at System.Net.Mail.SmtpConnection.GetConnection(String host, Int32 port)&#xD;
   at System.Net.Mail.SmtpTransport.GetConnection(String host, Int32 port)&#xD;
   at System.Net.Mail.SmtpClient.GetConnection()&#xD;
   at System.Net.Mail.SmtpClient.Send(MailMessage message)</Text>
      </RunInfo>
    </RunInfos>
  </ResultSummary>
</TestRun>